{"/Users/Shared/Projects/react-native-ama/packages/core/components/AMAProvider.tsx": {"path":"/Users/Shared/Projects/react-native-ama/packages/core/components/AMAProvider.tsx","statementMap":{"0":{"start":{"line":27,"column":47},"end":{"line":34,"column":1}},"1":{"start":{"line":36,"column":55},"end":{"line":153,"column":1}},"2":{"start":{"line":37,"column":30},"end":{"line":37,"column":60}},"3":{"start":{"line":39,"column":41},"end":{"line":63,"column":3}},"4":{"start":{"line":45,"column":4},"end":{"line":62,"column":6}},"5":{"start":{"line":46,"column":6},"end":{"line":61,"column":9}},"6":{"start":{"line":47,"column":26},"end":{"line":47,"column":42}},"7":{"start":{"line":48,"column":8},"end":{"line":48,"column":34}},"8":{"start":{"line":50,"column":8},"end":{"line":55,"column":9}},"9":{"start":{"line":51,"column":10},"end":{"line":51,"column":78}},"10":{"start":{"line":52,"column":10},"end":{"line":54,"column":24}},"11":{"start":{"line":57,"column":8},"end":{"line":60,"column":10}},"12":{"start":{"line":65,"column":2},"end":{"line":100,"column":9}},"13":{"start":{"line":66,"column":48},"end":{"line":66,"column":50}},"14":{"start":{"line":68,"column":53},"end":{"line":77,"column":6}},"15":{"start":{"line":71,"column":6},"end":{"line":71,"column":60}},"16":{"start":{"line":73,"column":6},"end":{"line":76,"column":8}},"17":{"start":{"line":79,"column":4},"end":{"line":95,"column":7}},"18":{"start":{"line":80,"column":24},"end":{"line":87,"column":7}},"19":{"start":{"line":82,"column":10},"end":{"line":82,"column":55}},"20":{"start":{"line":84,"column":10},"end":{"line":84,"column":22}},"21":{"start":{"line":89,"column":6},"end":{"line":94,"column":9}},"22":{"start":{"line":90,"column":8},"end":{"line":93,"column":10}},"23":{"start":{"line":97,"column":4},"end":{"line":99,"column":6}},"24":{"start":{"line":98,"column":6},"end":{"line":98,"column":68}},"25":{"start":{"line":98,"column":44},"end":{"line":98,"column":66}},"26":{"start":{"line":102,"column":40},"end":{"line":102,"column":68}},"27":{"start":{"line":104,"column":21},"end":{"line":116,"column":15}},"28":{"start":{"line":106,"column":8},"end":{"line":108,"column":9}},"29":{"start":{"line":107,"column":10},"end":{"line":107,"column":17}},"30":{"start":{"line":110,"column":8},"end":{"line":110,"column":48}},"31":{"start":{"line":110,"column":32},"end":{"line":110,"column":46}},"32":{"start":{"line":112,"column":8},"end":{"line":114,"column":10}},"33":{"start":{"line":118,"column":22},"end":{"line":128,"column":15}},"34":{"start":{"line":120,"column":8},"end":{"line":126,"column":11}},"35":{"start":{"line":121,"column":24},"end":{"line":121,"column":41}},"36":{"start":{"line":123,"column":10},"end":{"line":123,"column":30}},"37":{"start":{"line":125,"column":10},"end":{"line":125,"column":28}},"38":{"start":{"line":130,"column":2},"end":{"line":152,"column":4}},"39":{"start":{"line":170,"column":40},"end":{"line":183,"column":1}},"40":{"start":{"line":185,"column":17},"end":{"line":210,"column":8}},"41":{"start":{"line":187,"column":6},"end":{"line":208,"column":8}},"42":{"start":{"line":212,"column":19},"end":{"line":212,"column":71}},"43":{"start":{"line":214,"column":29},"end":{"line":214,"column":63}},"44":{"start":{"line":214,"column":35},"end":{"line":214,"column":63}}},"fnMap":{"0":{"name":"(anonymous_0)","decl":{"start":{"line":36,"column":55},"end":{"line":36,"column":56}},"loc":{"start":{"line":36,"column":73},"end":{"line":153,"column":1}},"line":36},"1":{"name":"(anonymous_1)","decl":{"start":{"line":39,"column":41},"end":{"line":39,"column":42}},"loc":{"start":{"line":44,"column":7},"end":{"line":63,"column":3}},"line":44},"2":{"name":"(anonymous_2)","decl":{"start":{"line":45,"column":11},"end":{"line":45,"column":12}},"loc":{"start":{"line":45,"column":34},"end":{"line":62,"column":5}},"line":45},"3":{"name":"(anonymous_3)","decl":{"start":{"line":46,"column":16},"end":{"line":46,"column":17}},"loc":{"start":{"line":46,"column":29},"end":{"line":61,"column":7}},"line":46},"4":{"name":"(anonymous_4)","decl":{"start":{"line":65,"column":18},"end":{"line":65,"column":19}},"loc":{"start":{"line":65,"column":24},"end":{"line":100,"column":3}},"line":65},"5":{"name":"(anonymous_5)","decl":{"start":{"line":70,"column":10},"end":{"line":70,"column":11}},"loc":{"start":{"line":70,"column":39},"end":{"line":77,"column":5}},"line":70},"6":{"name":"(anonymous_6)","decl":{"start":{"line":79,"column":38},"end":{"line":79,"column":39}},"loc":{"start":{"line":79,"column":56},"end":{"line":95,"column":5}},"line":79},"7":{"name":"(anonymous_7)","decl":{"start":{"line":81,"column":8},"end":{"line":81,"column":9}},"loc":{"start":{"line":81,"column":30},"end":{"line":85,"column":9}},"line":81},"8":{"name":"(anonymous_8)","decl":{"start":{"line":89,"column":16},"end":{"line":89,"column":17}},"loc":{"start":{"line":89,"column":29},"end":{"line":94,"column":7}},"line":89},"9":{"name":"(anonymous_9)","decl":{"start":{"line":97,"column":11},"end":{"line":97,"column":12}},"loc":{"start":{"line":97,"column":17},"end":{"line":99,"column":5}},"line":97},"10":{"name":"(anonymous_10)","decl":{"start":{"line":98,"column":28},"end":{"line":98,"column":29}},"loc":{"start":{"line":98,"column":44},"end":{"line":98,"column":66}},"line":98},"11":{"name":"(anonymous_11)","decl":{"start":{"line":105,"column":6},"end":{"line":105,"column":7}},"loc":{"start":{"line":105,"column":22},"end":{"line":115,"column":7}},"line":105},"12":{"name":"(anonymous_12)","decl":{"start":{"line":110,"column":23},"end":{"line":110,"column":24}},"loc":{"start":{"line":110,"column":32},"end":{"line":110,"column":46}},"line":110},"13":{"name":"(anonymous_13)","decl":{"start":{"line":119,"column":6},"end":{"line":119,"column":7}},"loc":{"start":{"line":119,"column":22},"end":{"line":127,"column":7}},"line":119},"14":{"name":"(anonymous_14)","decl":{"start":{"line":120,"column":23},"end":{"line":120,"column":24}},"loc":{"start":{"line":120,"column":32},"end":{"line":126,"column":9}},"line":120},"15":{"name":"(anonymous_15)","decl":{"start":{"line":181,"column":14},"end":{"line":181,"column":15}},"loc":{"start":{"line":181,"column":29},"end":{"line":181,"column":31}},"line":181},"16":{"name":"(anonymous_16)","decl":{"start":{"line":182,"column":15},"end":{"line":182,"column":16}},"loc":{"start":{"line":182,"column":30},"end":{"line":182,"column":32}},"line":182},"17":{"name":"(anonymous_17)","decl":{"start":{"line":186,"column":4},"end":{"line":186,"column":5}},"loc":{"start":{"line":186,"column":10},"end":{"line":209,"column":5}},"line":186},"18":{"name":"(anonymous_18)","decl":{"start":{"line":214,"column":29},"end":{"line":214,"column":30}},"loc":{"start":{"line":214,"column":35},"end":{"line":214,"column":63}},"line":214}},"branchMap":{"0":{"loc":{"start":{"line":50,"column":8},"end":{"line":55,"column":9}},"type":"if","locations":[{"start":{"line":50,"column":8},"end":{"line":55,"column":9}},{"start":{},"end":{}}],"line":50},"1":{"loc":{"start":{"line":52,"column":61},"end":{"line":54,"column":23}},"type":"cond-expr","locations":[{"start":{"line":53,"column":14},"end":{"line":53,"column":20}},{"start":{"line":54,"column":14},"end":{"line":54,"column":23}}],"line":52},"2":{"loc":{"start":{"line":104,"column":21},"end":{"line":116,"column":15}},"type":"cond-expr","locations":[{"start":{"line":105,"column":6},"end":{"line":115,"column":7}},{"start":{"line":116,"column":6},"end":{"line":116,"column":15}}],"line":104},"3":{"loc":{"start":{"line":106,"column":8},"end":{"line":108,"column":9}},"type":"if","locations":[{"start":{"line":106,"column":8},"end":{"line":108,"column":9}},{"start":{},"end":{}}],"line":106},"4":{"loc":{"start":{"line":118,"column":22},"end":{"line":128,"column":15}},"type":"cond-expr","locations":[{"start":{"line":119,"column":6},"end":{"line":127,"column":7}},{"start":{"line":128,"column":6},"end":{"line":128,"column":15}}],"line":118},"5":{"loc":{"start":{"line":130,"column":9},"end":{"line":152,"column":3}},"type":"cond-expr","locations":[{"start":{"line":131,"column":4},"end":{"line":149,"column":26}},{"start":{"line":151,"column":4},"end":{"line":151,"column":72}}],"line":130},"6":{"loc":{"start":{"line":145,"column":12},"end":{"line":145,"column":56}},"type":"cond-expr","locations":[{"start":{"line":145,"column":37},"end":{"line":145,"column":49}},{"start":{"line":145,"column":52},"end":{"line":145,"column":56}}],"line":145},"7":{"loc":{"start":{"line":185,"column":17},"end":{"line":210,"column":8}},"type":"cond-expr","locations":[{"start":{"line":186,"column":4},"end":{"line":209,"column":5}},{"start":{"line":210,"column":4},"end":{"line":210,"column":8}}],"line":185}},"s":{"0":4,"1":4,"2":50,"3":50,"4":114,"5":12,"6":12,"7":12,"8":12,"9":2,"10":2,"11":12,"12":50,"13":19,"14":19,"15":114,"16":114,"17":19,"18":19,"19":114,"20":114,"21":19,"22":19,"23":19,"24":19,"25":114,"26":50,"27":50,"28":0,"29":0,"30":0,"31":0,"32":0,"33":50,"34":0,"35":0,"36":0,"37":0,"38":50,"39":4,"40":4,"41":0,"42":4,"43":4,"44":0},"f":{"0":50,"1":114,"2":12,"3":12,"4":19,"5":114,"6":19,"7":114,"8":19,"9":19,"10":114,"11":0,"12":0,"13":0,"14":0,"15":0,"16":0,"17":0,"18":0},"b":{"0":[2,10],"1":[1,1],"2":[50,0],"3":[0,0],"4":[50,0],"5":[50,0],"6":[0,50],"7":[4,0]},"_coverageSchema":"1a1c01bbd47fc00a2c39e90264f33305004495a9","hash":"aca613ec80753e0b0c6e6f3f8fe701e39b38f68d"}
,"/Users/Shared/Projects/react-native-ama/packages/core/components/AutofocusContainer.tsx": {"path":"/Users/Shared/Projects/react-native-ama/packages/core/components/AutofocusContainer.tsx","statementMap":{"0":{"start":{"line":15,"column":34},"end":{"line":40,"column":1}},"1":{"start":{"line":20,"column":23},"end":{"line":20,"column":41}},"2":{"start":{"line":21,"column":23},"end":{"line":21,"column":33}},"3":{"start":{"line":23,"column":2},"end":{"line":27,"column":17}},"4":{"start":{"line":24,"column":4},"end":{"line":26,"column":10}},"5":{"start":{"line":25,"column":6},"end":{"line":25,"column":37}},"6":{"start":{"line":29,"column":2},"end":{"line":39,"column":4}}},"fnMap":{"0":{"name":"(anonymous_0)","decl":{"start":{"line":15,"column":34},"end":{"line":15,"column":35}},"loc":{"start":{"line":19,"column":31},"end":{"line":40,"column":1}},"line":19},"1":{"name":"(anonymous_1)","decl":{"start":{"line":23,"column":18},"end":{"line":23,"column":19}},"loc":{"start":{"line":23,"column":24},"end":{"line":27,"column":3}},"line":23},"2":{"name":"(anonymous_2)","decl":{"start":{"line":24,"column":15},"end":{"line":24,"column":16}},"loc":{"start":{"line":24,"column":21},"end":{"line":26,"column":5}},"line":24}},"branchMap":{"0":{"loc":{"start":{"line":17,"column":2},"end":{"line":17,"column":37}},"type":"default-arg","locations":[{"start":{"line":17,"column":33},"end":{"line":17,"column":37}}],"line":17},"1":{"loc":{"start":{"line":29,"column":9},"end":{"line":39,"column":3}},"type":"cond-expr","locations":[{"start":{"line":30,"column":4},"end":{"line":34,"column":31}},{"start":{"line":36,"column":4},"end":{"line":38,"column":31}}],"line":29}},"s":{"0":1,"1":1,"2":1,"3":1,"4":1,"5":1,"6":1},"f":{"0":1,"1":1,"2":1},"b":{"0":[1],"1":[1,0]},"_coverageSchema":"1a1c01bbd47fc00a2c39e90264f33305004495a9","hash":"ce2fe8adf90cc37261e18ff2fd6b39e3d4bc64d2"}
,"/Users/Shared/Projects/react-native-ama/packages/core/components/HideChildrenFromAccessibilityTree.tsx": {"path":"/Users/Shared/Projects/react-native-ama/packages/core/components/HideChildrenFromAccessibilityTree.tsx","statementMap":{"0":{"start":{"line":10,"column":49},"end":{"line":23,"column":1}},"1":{"start":{"line":13,"column":36},"end":{"line":13,"column":51}},"2":{"start":{"line":15,"column":2},"end":{"line":17,"column":3}},"3":{"start":{"line":16,"column":4},"end":{"line":16,"column":33}},"4":{"start":{"line":19,"column":2},"end":{"line":22,"column":5}},"5":{"start":{"line":25,"column":45},"end":{"line":34,"column":1}},"6":{"start":{"line":29,"column":2},"end":{"line":33,"column":4}},"7":{"start":{"line":36,"column":45},"end":{"line":40,"column":1}},"8":{"start":{"line":39,"column":2},"end":{"line":39,"column":53}},"9":{"start":{"line":42,"column":42},"end":{"line":55,"column":1}},"10":{"start":{"line":43,"column":2},"end":{"line":54,"column":4}},"11":{"start":{"line":45,"column":6},"end":{"line":52,"column":16}}},"fnMap":{"0":{"name":"(anonymous_0)","decl":{"start":{"line":10,"column":49},"end":{"line":10,"column":50}},"loc":{"start":{"line":12,"column":18},"end":{"line":23,"column":1}},"line":12},"1":{"name":"(anonymous_1)","decl":{"start":{"line":25,"column":45},"end":{"line":25,"column":46}},"loc":{"start":{"line":28,"column":65},"end":{"line":34,"column":1}},"line":28},"2":{"name":"(anonymous_2)","decl":{"start":{"line":36,"column":45},"end":{"line":36,"column":46}},"loc":{"start":{"line":38,"column":29},"end":{"line":40,"column":1}},"line":38},"3":{"name":"(anonymous_3)","decl":{"start":{"line":42,"column":42},"end":{"line":42,"column":43}},"loc":{"start":{"line":42,"column":79},"end":{"line":55,"column":1}},"line":42},"4":{"name":"(anonymous_4)","decl":{"start":{"line":44,"column":34},"end":{"line":44,"column":35}},"loc":{"start":{"line":44,"column":43},"end":{"line":53,"column":5}},"line":44}},"branchMap":{"0":{"loc":{"start":{"line":15,"column":2},"end":{"line":17,"column":3}},"type":"if","locations":[{"start":{"line":15,"column":2},"end":{"line":17,"column":3}},{"start":{},"end":{}}],"line":15},"1":{"loc":{"start":{"line":44,"column":4},"end":{"line":53,"column":14}},"type":"binary-expr","locations":[{"start":{"line":44,"column":4},"end":{"line":53,"column":6}},{"start":{"line":53,"column":10},"end":{"line":53,"column":14}}],"line":44},"2":{"loc":{"start":{"line":45,"column":13},"end":{"line":52,"column":15}},"type":"cond-expr","locations":[{"start":{"line":46,"column":10},"end":{"line":51,"column":12}},{"start":{"line":52,"column":10},"end":{"line":52,"column":15}}],"line":45}},"s":{"0":1,"1":4,"2":4,"3":2,"4":2,"5":1,"6":1,"7":1,"8":1,"9":1,"10":5,"11":6},"f":{"0":4,"1":1,"2":1,"3":5,"4":6},"b":{"0":[2,2],"1":[5,0],"2":[4,2]},"_coverageSchema":"1a1c01bbd47fc00a2c39e90264f33305004495a9","hash":"eaaf5d35df85d524f6ec5052e30b254e3cd71fb0"}
,"/Users/Shared/Projects/react-native-ama/packages/core/hooks/useFocus.ts": {"path":"/Users/Shared/Projects/react-native-ama/packages/core/hooks/useFocus.ts","statementMap":{"0":{"start":{"line":6,"column":24},"end":{"line":43,"column":1}},"1":{"start":{"line":7,"column":19},"end":{"line":29,"column":3}},"2":{"start":{"line":16,"column":24},"end":{"line":16,"column":49}},"3":{"start":{"line":18,"column":6},"end":{"line":26,"column":7}},"4":{"start":{"line":19,"column":8},"end":{"line":19,"column":59}},"5":{"start":{"line":20,"column":8},"end":{"line":20,"column":59}},"6":{"start":{"line":21,"column":13},"end":{"line":26,"column":7}},"7":{"start":{"line":22,"column":8},"end":{"line":25,"column":10}},"8":{"start":{"line":31,"column":2},"end":{"line":38,"column":21}},"9":{"start":{"line":32,"column":4},"end":{"line":34,"column":5}},"10":{"start":{"line":33,"column":6},"end":{"line":33,"column":13}},"11":{"start":{"line":36,"column":4},"end":{"line":36,"column":35}},"12":{"start":{"line":40,"column":2},"end":{"line":42,"column":4}}},"fnMap":{"0":{"name":"(anonymous_0)","decl":{"start":{"line":6,"column":24},"end":{"line":6,"column":25}},"loc":{"start":{"line":6,"column":65},"end":{"line":43,"column":1}},"line":6},"1":{"name":"(anonymous_1)","decl":{"start":{"line":8,"column":4},"end":{"line":8,"column":5}},"loc":{"start":{"line":14,"column":9},"end":{"line":27,"column":5}},"line":14},"2":{"name":"(anonymous_2)","decl":{"start":{"line":31,"column":18},"end":{"line":31,"column":19}},"loc":{"start":{"line":31,"column":24},"end":{"line":38,"column":3}},"line":31}},"branchMap":{"0":{"loc":{"start":{"line":18,"column":6},"end":{"line":26,"column":7}},"type":"if","locations":[{"start":{"line":18,"column":6},"end":{"line":26,"column":7}},{"start":{"line":21,"column":13},"end":{"line":26,"column":7}}],"line":18},"1":{"loc":{"start":{"line":21,"column":13},"end":{"line":26,"column":7}},"type":"if","locations":[{"start":{"line":21,"column":13},"end":{"line":26,"column":7}},{"start":{},"end":{}}],"line":21},"2":{"loc":{"start":{"line":32,"column":4},"end":{"line":34,"column":5}},"type":"if","locations":[{"start":{"line":32,"column":4},"end":{"line":34,"column":5}},{"start":{},"end":{}}],"line":32}},"s":{"0":2,"1":7,"2":5,"3":5,"4":2,"5":2,"6":3,"7":2,"8":7,"9":7,"10":3,"11":4,"12":7},"f":{"0":7,"1":5,"2":7},"b":{"0":[2,3],"1":[2,1],"2":[3,4]},"_coverageSchema":"1a1c01bbd47fc00a2c39e90264f33305004495a9","hash":"af7b377c9bebcfda78a170f39642d73eb4ebd020"}
,"/Users/Shared/Projects/react-native-ama/packages/core/hooks/useTimedAction.ts": {"path":"/Users/Shared/Projects/react-native-ama/packages/core/hooks/useTimedAction.ts","statementMap":{"0":{"start":{"line":6,"column":30},"end":{"line":30,"column":1}},"1":{"start":{"line":7,"column":36},"end":{"line":7,"column":51}},"2":{"start":{"line":9,"column":20},"end":{"line":25,"column":3}},"3":{"start":{"line":14,"column":6},"end":{"line":18,"column":7}},"4":{"start":{"line":15,"column":8},"end":{"line":17,"column":11}},"5":{"start":{"line":16,"column":10},"end":{"line":16,"column":24}},"6":{"start":{"line":20,"column":22},"end":{"line":20,"column":69}},"7":{"start":{"line":22,"column":6},"end":{"line":22,"column":43}},"8":{"start":{"line":27,"column":2},"end":{"line":29,"column":4}},"9":{"start":{"line":35,"column":2},"end":{"line":39,"column":9}},"10":{"start":{"line":38,"column":8},"end":{"line":38,"column":30}}},"fnMap":{"0":{"name":"(anonymous_0)","decl":{"start":{"line":6,"column":30},"end":{"line":6,"column":31}},"loc":{"start":{"line":6,"column":36},"end":{"line":30,"column":1}},"line":6},"1":{"name":"(anonymous_1)","decl":{"start":{"line":10,"column":4},"end":{"line":10,"column":5}},"loc":{"start":{"line":13,"column":56},"end":{"line":23,"column":5}},"line":13},"2":{"name":"(anonymous_2)","decl":{"start":{"line":15,"column":33},"end":{"line":15,"column":34}},"loc":{"start":{"line":15,"column":44},"end":{"line":17,"column":9}},"line":15},"3":{"name":"getRecommendedTimeoutMillis","decl":{"start":{"line":32,"column":15},"end":{"line":32,"column":42}},"loc":{"start":{"line":34,"column":19},"end":{"line":40,"column":1}},"line":34},"4":{"name":"(anonymous_4)","decl":{"start":{"line":37,"column":18},"end":{"line":37,"column":19}},"loc":{"start":{"line":37,"column":29},"end":{"line":39,"column":7}},"line":37}},"branchMap":{"0":{"loc":{"start":{"line":14,"column":6},"end":{"line":18,"column":7}},"type":"if","locations":[{"start":{"line":14,"column":6},"end":{"line":18,"column":7}},{"start":{},"end":{}}],"line":14},"1":{"loc":{"start":{"line":14,"column":10},"end":{"line":14,"column":56}},"type":"binary-expr","locations":[{"start":{"line":14,"column":10},"end":{"line":14,"column":31}},{"start":{"line":14,"column":35},"end":{"line":14,"column":56}}],"line":14},"2":{"loc":{"start":{"line":35,"column":9},"end":{"line":39,"column":8}},"type":"cond-expr","locations":[{"start":{"line":36,"column":6},"end":{"line":36,"column":71}},{"start":{"line":37,"column":6},"end":{"line":39,"column":8}}],"line":35}},"s":{"0":2,"1":4,"2":4,"3":4,"4":1,"5":1,"6":3,"7":3,"8":4,"9":3,"10":1},"f":{"0":4,"1":4,"2":1,"3":3,"4":1},"b":{"0":[1,3],"1":[4,2],"2":[2,1]},"_coverageSchema":"1a1c01bbd47fc00a2c39e90264f33305004495a9","hash":"49141b2ddabfdf3b61c16138560c56f5e9a52868"}
,"/Users/Shared/Projects/react-native-ama/packages/core/utils/minimumTouchableSize.tsx": {"path":"/Users/Shared/Projects/react-native-ama/packages/core/utils/minimumTouchableSize.tsx","statementMap":{"0":{"start":{"line":3,"column":46},"end":{"line":3,"column":48}},"1":{"start":{"line":4,"column":42},"end":{"line":4,"column":44}},"2":{"start":{"line":7,"column":2},"end":{"line":9,"column":32}}},"fnMap":{},"branchMap":{"0":{"loc":{"start":{"line":7,"column":2},"end":{"line":9,"column":32}},"type":"cond-expr","locations":[{"start":{"line":8,"column":6},"end":{"line":8,"column":36}},{"start":{"line":9,"column":6},"end":{"line":9,"column":32}}],"line":7}},"s":{"0":2,"1":2,"2":2},"f":{},"b":{"0":[1,1]},"_coverageSchema":"1a1c01bbd47fc00a2c39e90264f33305004495a9","hash":"2aaaf86a4dff1cf087c35e07d74c46f22d349e15"}
,"/Users/Shared/Projects/react-native-ama/packages/core/utils/numerify.ts": {"path":"/Users/Shared/Projects/react-native-ama/packages/core/utils/numerify.ts","statementMap":{"0":{"start":{"line":1,"column":24},"end":{"line":3,"column":1}},"1":{"start":{"line":2,"column":2},"end":{"line":2,"column":34}}},"fnMap":{"0":{"name":"(anonymous_0)","decl":{"start":{"line":1,"column":24},"end":{"line":1,"column":25}},"loc":{"start":{"line":1,"column":42},"end":{"line":3,"column":1}},"line":1}},"branchMap":{},"s":{"0":1,"1":1},"f":{"0":1},"b":{},"_coverageSchema":"1a1c01bbd47fc00a2c39e90264f33305004495a9","hash":"275dc6043b8bc2b69a4d205f50b2e0ca64aceb7f"}
}
