TN:
SF:components/AMAProvider.tsx
FN:36,(anonymous_0)
FN:39,(anonymous_1)
FN:45,(anonymous_2)
FN:46,(anonymous_3)
FN:65,(anonymous_4)
FN:70,(anonymous_5)
FN:79,(anonymous_6)
FN:81,(anonymous_7)
FN:89,(anonymous_8)
FN:97,(anonymous_9)
FN:98,(anonymous_10)
FN:105,(anonymous_11)
FN:110,(anonymous_12)
FN:119,(anonymous_13)
FN:120,(anonymous_14)
FN:181,(anonymous_15)
FN:182,(anonymous_16)
FN:186,(anonymous_17)
FN:214,(anonymous_18)
FNF:19
FNH:11
FNDA:50,(anonymous_0)
FNDA:114,(anonymous_1)
FNDA:12,(anonymous_2)
FNDA:12,(anonymous_3)
FNDA:19,(anonymous_4)
FNDA:114,(anonymous_5)
FNDA:19,(anonymous_6)
FNDA:114,(anonymous_7)
FNDA:19,(anonymous_8)
FNDA:19,(anonymous_9)
FNDA:114,(anonymous_10)
FNDA:0,(anonymous_11)
FNDA:0,(anonymous_12)
FNDA:0,(anonymous_13)
FNDA:0,(anonymous_14)
FNDA:0,(anonymous_15)
FNDA:0,(anonymous_16)
FNDA:0,(anonymous_17)
FNDA:0,(anonymous_18)
DA:27,4
DA:36,4
DA:37,50
DA:39,50
DA:45,114
DA:46,12
DA:47,12
DA:48,12
DA:50,12
DA:51,2
DA:52,2
DA:57,12
DA:65,50
DA:66,19
DA:68,19
DA:71,114
DA:73,114
DA:79,19
DA:80,19
DA:82,114
DA:84,114
DA:89,19
DA:90,19
DA:97,19
DA:98,114
DA:102,50
DA:104,50
DA:106,0
DA:107,0
DA:110,0
DA:112,0
DA:118,50
DA:120,0
DA:121,0
DA:123,0
DA:125,0
DA:130,50
DA:170,4
DA:185,4
DA:187,0
DA:212,4
DA:214,4
LF:42
LH:33
BRDA:50,0,0,2
BRDA:50,0,1,10
BRDA:52,1,0,1
BRDA:52,1,1,1
BRDA:104,2,0,50
BRDA:104,2,1,0
BRDA:106,3,0,0
BRDA:106,3,1,0
BRDA:118,4,0,50
BRDA:118,4,1,0
BRDA:130,5,0,50
BRDA:130,5,1,0
BRDA:145,6,0,0
BRDA:145,6,1,50
BRDA:185,7,0,4
BRDA:185,7,1,0
BRF:16
BRH:9
end_of_record
TN:
SF:components/AutofocusContainer.tsx
FN:15,(anonymous_0)
FN:23,(anonymous_1)
FN:24,(anonymous_2)
FNF:3
FNH:3
FNDA:1,(anonymous_0)
FNDA:1,(anonymous_1)
FNDA:1,(anonymous_2)
DA:15,1
DA:20,1
DA:21,1
DA:23,1
DA:24,1
DA:25,1
DA:29,1
LF:7
LH:7
BRDA:17,0,0,1
BRDA:29,1,0,1
BRDA:29,1,1,0
BRF:3
BRH:2
end_of_record
TN:
SF:components/HideChildrenFromAccessibilityTree.tsx
FN:10,(anonymous_0)
FN:25,(anonymous_1)
FN:36,(anonymous_2)
FN:42,(anonymous_3)
FN:44,(anonymous_4)
FNF:5
FNH:5
FNDA:4,(anonymous_0)
FNDA:1,(anonymous_1)
FNDA:1,(anonymous_2)
FNDA:5,(anonymous_3)
FNDA:6,(anonymous_4)
DA:10,1
DA:13,4
DA:15,4
DA:16,2
DA:19,2
DA:25,1
DA:29,1
DA:36,1
DA:39,1
DA:42,1
DA:43,5
DA:45,6
LF:12
LH:12
BRDA:15,0,0,2
BRDA:15,0,1,2
BRDA:44,1,0,5
BRDA:44,1,1,0
BRDA:45,2,0,4
BRDA:45,2,1,2
BRF:6
BRH:5
end_of_record
TN:
SF:hooks/useFocus.ts
FN:6,(anonymous_0)
FN:8,(anonymous_1)
FN:31,(anonymous_2)
FNF:3
FNH:3
FNDA:7,(anonymous_0)
FNDA:5,(anonymous_1)
FNDA:7,(anonymous_2)
DA:6,2
DA:7,7
DA:16,5
DA:18,5
DA:19,2
DA:20,2
DA:21,3
DA:22,2
DA:31,7
DA:32,7
DA:33,3
DA:36,4
DA:40,7
LF:13
LH:13
BRDA:18,0,0,2
BRDA:18,0,1,3
BRDA:21,1,0,2
BRDA:21,1,1,1
BRDA:32,2,0,3
BRDA:32,2,1,4
BRF:6
BRH:6
end_of_record
TN:
SF:hooks/useTimedAction.ts
FN:6,(anonymous_0)
FN:10,(anonymous_1)
FN:15,(anonymous_2)
FN:32,getRecommendedTimeoutMillis
FN:37,(anonymous_4)
FNF:5
FNH:5
FNDA:4,(anonymous_0)
FNDA:4,(anonymous_1)
FNDA:1,(anonymous_2)
FNDA:3,getRecommendedTimeoutMillis
FNDA:1,(anonymous_4)
DA:6,2
DA:7,4
DA:9,4
DA:14,4
DA:15,1
DA:16,1
DA:20,3
DA:22,3
DA:27,4
DA:35,3
DA:38,1
LF:11
LH:11
BRDA:14,0,0,1
BRDA:14,0,1,3
BRDA:14,1,0,4
BRDA:14,1,1,2
BRDA:35,2,0,2
BRDA:35,2,1,1
BRF:6
BRH:6
end_of_record
TN:
SF:utils/minimumTouchableSize.tsx
FNF:0
FNH:0
DA:3,2
DA:4,2
DA:7,2
LF:3
LH:3
BRDA:7,0,0,1
BRDA:7,0,1,1
BRF:2
BRH:2
end_of_record
TN:
SF:utils/numerify.ts
FN:1,(anonymous_0)
FNF:1
FNH:1
FNDA:1,(anonymous_0)
DA:1,1
DA:2,1
LF:2
LH:2
BRF:0
BRH:0
end_of_record
